# JRE version: OpenJDK Runtime Environment (8.0_242-b01) (build 1.8.0_242-release-1644-b01)
# Java VM: OpenJDK 64-Bit Server VM (25.242-b01 mixed mode windows-amd64 compressed oops)
Heap:
 PSYoungGen      total 379904K, used 362860K [0x00000000d5580000, 0x00000000f8480000, 0x0000000100000000)
  eden space 363008K, 99% used [0x00000000d5580000,0x00000000eb7db240,0x00000000eb800000)
  from space 16896K, 0% used [0x00000000efc00000,0x00000000efc00000,0x00000000f0c80000)
  to   space 69632K, 0% used [0x00000000eb800000,0x00000000eb800000,0x00000000efc00000)
 ParOldGen       total 167424K, used 57758K [0x0000000080000000, 0x000000008a380000, 0x00000000d5580000)
  object space 167424K, 34% used [0x0000000080000000,0x0000000083867880,0x000000008a380000)
 Metaspace       used 112627K, capacity 118592K, committed 119000K, reserved 1153024K
  class space    used 14776K, capacity 15917K, committed 16128K, reserved 1048576K
GC Heap History (10 events):
Event: 2243.668 GC heap before
{Heap before GC invocations=20 (full 4):
 PSYoungGen      total 312832K, used 19332K [0x00000000d5580000, 0x00000000f1f00000, 0x0000000100000000)
  eden space 293376K, 0% used [0x00000000d5580000,0x00000000d5580000,0x00000000e7400000)
  from space 19456K, 99% used [0x00000000f0c00000,0x00000000f1ee11a0,0x00000000f1f00000)
  to   space 35840K, 0% used [0x00000000ed900000,0x00000000ed900000,0x00000000efc00000)
 ParOldGen       total 77312K, used 63212K [0x0000000080000000, 0x0000000084b80000, 0x00000000d5580000)
  object space 77312K, 81% used [0x0000000080000000,0x0000000083dbb340,0x0000000084b80000)
 Metaspace       used 90922K, capacity 96002K, committed 96216K, reserved 1132544K
  class space    used 12021K, capacity 13049K, committed 13056K, reserved 1048576K
Event: 2245.467 GC heap after
Heap after GC invocations=20 (full 4):
 PSYoungGen      total 312832K, used 0K [0x00000000d5580000, 0x00000000f1f00000, 0x0000000100000000)
  eden space 293376K, 0% used [0x00000000d5580000,0x00000000d5580000,0x00000000e7400000)
  from space 19456K, 0% used [0x00000000f0c00000,0x00000000f0c00000,0x00000000f1f00000)
  to   space 35840K, 0% used [0x00000000ed900000,0x00000000ed900000,0x00000000efc00000)
 ParOldGen       total 116224K, used 53113K [0x0000000080000000, 0x0000000087180000, 0x00000000d5580000)
  object space 116224K, 45% used [0x0000000080000000,0x00000000833de470,0x0000000087180000)
 Metaspace       used 90236K, capacity 94442K, committed 96216K, reserved 1132544K
  class space    used 11857K, capacity 12777K, committed 13056K, reserved 1048576K
}
Event: 2272.557 GC heap before
{Heap before GC invocations=21 (full 4):
 PSYoungGen      total 312832K, used 293376K [0x00000000d5580000, 0x00000000f1f00000, 0x0000000100000000)
  eden space 293376K, 100% used [0x00000000d5580000,0x00000000e7400000,0x00000000e7400000)
  from space 19456K, 0% used [0x00000000f0c00000,0x00000000f0c00000,0x00000000f1f00000)
  to   space 35840K, 0% used [0x00000000ed900000,0x00000000ed900000,0x00000000efc00000)
 ParOldGen       total 116224K, used 53113K [0x0000000080000000, 0x0000000087180000, 0x00000000d5580000)
  object space 116224K, 45% used [0x0000000080000000,0x00000000833de470,0x0000000087180000)
 Metaspace       used 96690K, capacity 101016K, committed 101976K, reserved 1138688K
  class space    used 12600K, capacity 13510K, committed 13696K, reserved 1048576K
Event: 2272.593 GC heap after
Heap after GC invocations=21 (full 4):
 PSYoungGen      total 389632K, used 35812K [0x00000000d5580000, 0x00000000f0c80000, 0x0000000100000000)
  eden space 353792K, 0% used [0x00000000d5580000,0x00000000d5580000,0x00000000eaf00000)
  from space 35840K, 99% used [0x00000000ed900000,0x00000000efbf9308,0x00000000efc00000)
  to   space 16896K, 0% used [0x00000000efc00000,0x00000000efc00000,0x00000000f0c80000)
 ParOldGen       total 116224K, used 53738K [0x0000000080000000, 0x0000000087180000, 0x00000000d5580000)
  object space 116224K, 46% used [0x0000000080000000,0x000000008347aab0,0x0000000087180000)
 Metaspace       used 96690K, capacity 101016K, committed 101976K, reserved 1138688K
  class space    used 12600K, capacity 13510K, committed 13696K, reserved 1048576K
}
Event: 2294.889 GC heap before
{Heap before GC invocations=22 (full 4):
 PSYoungGen      total 389632K, used 389604K [0x00000000d5580000, 0x00000000f0c80000, 0x0000000100000000)
  eden space 353792K, 100% used [0x00000000d5580000,0x00000000eaf00000,0x00000000eaf00000)
  from space 35840K, 99% used [0x00000000ed900000,0x00000000efbf9308,0x00000000efc00000)
  to   space 16896K, 0% used [0x00000000efc00000,0x00000000efc00000,0x00000000f0c80000)
 ParOldGen       total 116224K, used 53738K [0x0000000080000000, 0x0000000087180000, 0x00000000d5580000)
  object space 116224K, 46% used [0x0000000080000000,0x000000008347aab0,0x0000000087180000)
 Metaspace       used 101607K, capacity 106636K, committed 106968K, reserved 1142784K
  class space    used 13409K, capacity 14440K, committed 14592K, reserved 1048576K
Event: 2295.536 GC heap after
Heap after GC invocations=22 (full 4):
 PSYoungGen      total 379904K, used 16895K [0x00000000d5580000, 0x00000000f8480000, 0x0000000100000000)
  eden space 363008K, 0% used [0x00000000d5580000,0x00000000d5580000,0x00000000eb800000)
  from space 16896K, 99% used [0x00000000efc00000,0x00000000f0c7ffe8,0x00000000f0c80000)
  to   space 69632K, 0% used [0x00000000eb800000,0x00000000eb800000,0x00000000efc00000)
 ParOldGen       total 134144K, used 133689K [0x0000000080000000, 0x0000000088300000, 0x00000000d5580000)
  object space 134144K, 99% used [0x0000000080000000,0x000000008828e680,0x0000000088300000)
 Metaspace       used 101607K, capacity 106636K, committed 106968K, reserved 1142784K
  class space    used 13409K, capacity 14440K, committed 14592K, reserved 1048576K
}
Event: 2295.536 GC heap before
{Heap before GC invocations=23 (full 5):
 PSYoungGen      total 379904K, used 16895K [0x00000000d5580000, 0x00000000f8480000, 0x0000000100000000)
  eden space 363008K, 0% used [0x00000000d5580000,0x00000000d5580000,0x00000000eb800000)
  from space 16896K, 99% used [0x00000000efc00000,0x00000000f0c7ffe8,0x00000000f0c80000)
  to   space 69632K, 0% used [0x00000000eb800000,0x00000000eb800000,0x00000000efc00000)
 ParOldGen       total 134144K, used 133689K [0x0000000080000000, 0x0000000088300000, 0x00000000d5580000)
  object space 134144K, 99% used [0x0000000080000000,0x000000008828e680,0x0000000088300000)
 Metaspace       used 101607K, capacity 106636K, committed 106968K, reserved 1142784K
  class space    used 13409K, capacity 14440K, committed 14592K, reserved 1048576K
Event: 2296.097 GC heap after
Heap after GC invocations=23 (full 5):
 PSYoungGen      total 379904K, used 0K [0x00000000d5580000, 0x00000000f8480000, 0x0000000100000000)
  eden space 363008K, 0% used [0x00000000d5580000,0x00000000d5580000,0x00000000eb800000)
  from space 16896K, 0% used [0x00000000efc00000,0x00000000efc00000,0x00000000f0c80000)
  to   space 69632K, 0% used [0x00000000eb800000,0x00000000eb800000,0x00000000efc00000)
 ParOldGen       total 134144K, used 119458K [0x0000000080000000, 0x0000000088300000, 0x00000000d5580000)
  object space 134144K, 89% used [0x0000000080000000,0x00000000874a8af0,0x0000000088300000)
 Metaspace       used 101441K, capacity 106162K, committed 106968K, reserved 1142784K
  class space    used 13354K, capacity 14345K, committed 14592K, reserved 1048576K
}
Event: 2361.914 GC heap before
{Heap before GC invocations=24 (full 6):
 PSYoungGen      total 379904K, used 363008K [0x00000000d5580000, 0x00000000f8480000, 0x0000000100000000)
  eden space 363008K, 100% used [0x00000000d5580000,0x00000000eb800000,0x00000000eb800000)
  from space 16896K, 0% used [0x00000000efc00000,0x00000000efc00000,0x00000000f0c80000)
  to   space 69632K, 0% used [0x00000000eb800000,0x00000000eb800000,0x00000000efc00000)
 ParOldGen       total 134144K, used 119458K [0x0000000080000000, 0x0000000088300000, 0x00000000d5580000)
  object space 134144K, 89% used [0x0000000080000000,0x00000000874a8af0,0x0000000088300000)
 Metaspace       used 108084K, capacity 113270K, committed 113624K, reserved 1146880K
  class space    used 14185K, capacity 15254K, committed 15360K, reserved 1048576K
Event: 2362.188 GC heap after
Heap after GC invocations=24 (full 6):
 PSYoungGen      total 379904K, used 0K [0x00000000d5580000, 0x00000000f8480000, 0x0000000100000000)
  eden space 363008K, 0% used [0x00000000d5580000,0x00000000d5580000,0x00000000eb800000)
  from space 16896K, 0% used [0x00000000efc00000,0x00000000efc00000,0x00000000f0c80000)
  to   space 69632K, 0% used [0x00000000eb800000,0x00000000eb800000,0x00000000efc00000)
 ParOldGen       total 167424K, used 57758K [0x0000000080000000, 0x000000008a380000, 0x00000000d5580000)
  object space 167424K, 34% used [0x0000000080000000,0x0000000083867880,0x000000008a380000)
 Metaspace       used 108020K, capacity 113170K, committed 113624K, reserved 1146880K
  class space    used 14166K, capacity 15228K, committed 15360K, reserved 1048576K
}

